#
# A fatal error has been detected by the Java Runtime Environment:
#
#  SIGSEGV (0xb) at pc=0x00007f014bb1e0ad, pid=10031, tid=10047
#
# JRE version: OpenJDK Runtime Environment (14.0.2+12) (build 14.0.2+12-Ubuntu-120.04)
# Java VM: OpenJDK 64-Bit Server VM (14.0.2+12-Ubuntu-120.04, mixed mode, sharing, tiered, compressed oops, g1 gc, linux-amd64)
# Problematic frame:
# C  [libjimage.so+0x30ad]
#
# Core dump will be written. Default location: Core dumps may be processed with "/usr/share/apport/apport %p %s %c %d %P %E" (or dumping to /home/aldrin/Documentos/pap2021/proyecto/coronaTickets/core.10031)
#
# If you would like to submit a bug report, please visit:
#   Unknown
#

---------------  S U M M A R Y ------------

Command Line: -agentlib:jdwp=transport=dt_socket,suspend=y,address=localhost:46869 -Dfile.encoding=UTF-8 presentacion.Principal

Host: Intel(R) Core(TM) i5-3470 CPU @ 3.20GHz, 4 cores, 5G, Ubuntu 20.04.2 LTS
Time: Mon Aug 23 22:22:25 2021 -03 elapsed time: 26711 seconds (0d 7h 25m 11s)

---------------  T H R E A D  ---------------

Current thread (0x00007f01440f9000):  JavaThread "Signal Dispatcher" daemon [_thread_in_vm, id=10047, stack(0x00007f0128306000,0x00007f0128407000)]

Stack: [0x00007f0128306000,0x00007f0128407000],  sp=0x00007f0128404240,  free space=1016k
Native frames: (J=compiled Java code, A=aot compiled Java code, j=interpreted, Vv=VM code, C=native code)
C  [libjimage.so+0x30ad]
C  [libjimage.so+0x3c72]
C  [libjimage.so+0x4181]  JIMAGE_FindResource+0xf1
V  [libjvm.so+0x538016]
V  [libjvm.so+0x53c523]
V  [libjvm.so+0xda7f12]
V  [libjvm.so+0xda6a72]
V  [libjvm.so+0xda8fed]
V  [libjvm.so+0x5a3ed8]
V  [libjvm.so+0x7b2846]
j  jdk.internal.misc.Signal.dispatch(I)V+25 java.base@14.0.2
v  ~StubRoutines::call_stub
V  [libjvm.so+0x7b941c]
V  [libjvm.so+0x7b98a4]
V  [libjvm.so+0xb7f93e]
V  [libjvm.so+0xdee84e]
V  [libjvm.so+0xdf37df]
V  [libjvm.so+0xb904ff]

Java frames: (J=compiled Java code, j=interpreted, Vv=VM code)
j  jdk.internal.misc.Signal.dispatch(I)V+25 java.base@14.0.2
v  ~StubRoutines::call_stub

siginfo: si_signo: 11 (SIGSEGV), si_code: 1 (SEGV_MAPERR), si_addr: 0x00007f013aca5550

Register to memory mapping:

RAX=0x000000000000714d is an unknown value
RBX=0x00007f01284042f1 is pointing into the stack for thread: 0x00007f01440f9000
RCX=0x00007f0128404313 is pointing into the stack for thread: 0x00007f01440f9000
RDX=0x000000000000714d is an unknown value
RSP=0x00007f0128404240 is pointing into the stack for thread: 0x00007f01440f9000
RBP=0x00007f0128404260 is pointing into the stack for thread: 0x00007f01440f9000
RSI=0x0 is NULL
RDI=0x00007f014bb23130: <offset 0x0000000000008130> in /usr/lib/jvm/java-14-openjdk-amd64/lib/libjimage.so at 0x00007f014bb1b000
R8 =0x00007f013ac8901c is an unknown value
R9 =0x00007f01440fa8d0 points into unknown readable memory: 02 00 00 00 00 00 00 00
R10=0x00007f014b55b718: <offset 0x0000000000f19718> in /usr/lib/jvm/java-14-openjdk-amd64/lib/server/libjvm.so at 0x00007f014a642000
R11=0x00007f014bacc210: <offset 0x00000000001b2210> in /lib/x86_64-linux-gnu/libc.so.6 at 0x00007f014b91a000
R12=0x000000000000852d is an unknown value
R13=0x00007f01284042f0 is pointing into the stack for thread: 0x00007f01440f9000
R14=0x0 is NULL
R15=0x00007f01440f98e0 points into unknown readable memory: 6a 64 6b 2f 69 6e 74 65


Registers:
RAX=0x000000000000714d, RBX=0x00007f01284042f1, RCX=0x00007f0128404313, RDX=0x000000000000714d
RSP=0x00007f0128404240, RBP=0x00007f0128404260, RSI=0x0000000000000000, RDI=0x00007f014bb23130
R8 =0x00007f013ac8901c, R9 =0x00007f01440fa8d0, R10=0x00007f014b55b718, R11=0x00007f014bacc210
R12=0x000000000000852d, R13=0x00007f01284042f0, R14=0x0000000000000000, R15=0x00007f01440f98e0
RIP=0x00007f014bb1e0ad, EFLAGS=0x0000000000010246, CSGSFS=0x002b000000000033, ERR=0x0000000000000004
  TRAPNO=0x000000000000000e

Top of Stack: (sp=0x00007f0128404240)
0x00007f0128404240:   0000000000000000 00007f0128405388
0x00007f0128404250:   00007f0144016de0 00007f01284042f0
0x00007f0128404260:   00007f01284042d0 00007f014bb1ec72
0x00007f0128404270:   0000000000000000 0000000000000000 

Instructions: (pc=0x00007f014bb1e0ad)
0x00007f014bb1dfad:   f3 ff ff 44 03 65 90 e9 3f fe ff ff 0f 1f 80 00
0x00007f014bb1dfbd:   00 00 00 41 8b 10 41 89 55 00 41 8b 54 00 fc 41
0x00007f014bb1dfcd:   89 54 05 fc e9 82 fc ff ff 66 2e 0f 1f 84 00 00
0x00007f014bb1dfdd:   00 00 00 b9 0a 00 00 00 e9 f0 fc ff ff 41 0f b7
0x00007f014bb1dfed:   54 00 fe 66 41 89 54 05 fe e9 5d fc ff ff 0f 1f
0x00007f014bb1dffd:   44 00 00 f3 0f 1e fa 0f b6 17 89 f0 89 f1 4c 8d
0x00007f014bb1e00d:   47 01 84 d2 74 1c 0f 1f 44 00 00 69 c9 93 01 00
0x00007f014bb1e01d:   01 49 83 c0 01 31 d1 41 0f b6 50 ff 84 d2 75 eb
0x00007f014bb1e02d:   89 c8 25 ff ff ff 7f c3 90 66 2e 0f 1f 84 00 00
0x00007f014bb1e03d:   00 00 00 f3 0f 1e fa 48 85 d2 0f 84 da 00 00 00
0x00007f014bb1e04d:   55 48 89 e5 41 55 41 54 41 89 cc 53 48 83 ec 08
0x00007f014bb1e05d:   85 c9 0f 84 ba 00 00 00 49 89 f5 48 8d 5e 01 0f
0x00007f014bb1e06d:   b6 36 49 89 d0 40 84 f6 0f 84 9d 00 00 00 48 89
0x00007f014bb1e07d:   d9 b8 93 01 00 01 0f 1f 44 00 00 69 d0 93 01 00
0x00007f014bb1e08d:   01 48 83 c1 01 40 0f b6 c6 0f b6 71 ff 31 d0 40
0x00007f014bb1e09d:   84 f6 75 e7 25 ff ff ff 7f 31 d2 41 f7 f4 89 d0
0x00007f014bb1e0ad:   41 8b 34 80 48 8b 07 ff 50 20 85 c0 7f 15 74 62
0x00007f014bb1e0bd:   f7 d0 41 89 c0 48 83 c4 08 44 89 c0 5b 41 5c 41
0x00007f014bb1e0cd:   5d 5d c3 41 0f b6 4d 00 89 c6 84 c9 74 1b 0f 1f
0x00007f014bb1e0dd:   44 00 00 69 f6 93 01 00 01 48 83 c3 01 31 ce 0f
0x00007f014bb1e0ed:   b6 4b ff 84 c9 75 ec 89 f0 25 ff ff ff 7f 31 d2
0x00007f014bb1e0fd:   48 83 c4 08 41 f7 f4 5b 41 5c 41 5d 5d 41 89 d0
0x00007f014bb1e10d:   44 89 c0 c3 0f 1f 80 00 00 00 00 b8 93 01 00 01
0x00007f014bb1e11d:   eb 87 41 b8 ff ff ff ff eb 9b 41 83 c8 ff 44 89
0x00007f014bb1e12d:   c0 c3 90 f3 0f 1e fa eb 1d 66 2e 0f 1f 84 00 00
0x00007f014bb1e13d:   00 00 00 0f b6 16 84 d2 74 13 38 c2 75 15 48 83
0x00007f014bb1e14d:   c7 01 48 83 c6 01 0f b6 07 84 c0 75 e6 48 89 f8
0x00007f014bb1e15d:   c3 66 90 31 c0 c3 90 66 66 2e 0f 1f 84 00 00 00
0x00007f014bb1e16d:   00 00 90 f3 0f 1e fa 48 85 f6 74 51 0f b6 06 84
0x00007f014bb1e17d:   c0 74 4a 0f b6 d0 83 e0 07 c1 fa 03 44 8d 50 01
0x00007f014bb1e18d:   0f b6 c0 41 89 d1 4c 8d 44 06 02 48 8d 56 01 31
0x00007f014bb1e19d:   c0 66 90 0f b6 0a 48 c1 e0 08 48 83 c2 01 48 09 


Stack slot to memory mapping:
stack at sp + 0 slots: 0x0 is NULL
stack at sp + 1 slots: 0x00007f0128405388 is pointing into the stack for thread: 0x00007f01440f9000
stack at sp + 2 slots: 0x00007f0144016de0 points into unknown readable memory: 90 a1 00 f0 00 7f 00 00
stack at sp + 3 slots: 0x00007f01284042f0 is pointing into the stack for thread: 0x00007f01440f9000
stack at sp + 4 slots: 0x00007f01284042d0 is pointing into the stack for thread: 0x00007f01440f9000
stack at sp + 5 slots: 0x00007f014bb1ec72: <offset 0x0000000000003c72> in /usr/lib/jvm/java-14-openjdk-amd64/lib/libjimage.so at 0x00007f014bb1b000
stack at sp + 6 slots: 0x0 is NULL
stack at sp + 7 slots: 0x0 is NULL


---------------  P R O C E S S  ---------------

Threads class SMR info:
_java_thread_list=0x00007f00e8002350, length=14, elements={
0x00007f0144018800, 0x00007f01440f1000, 0x00007f01440f3000, 0x00007f01440f9000,
0x00007f01440fb000, 0x00007f01440fd000, 0x00007f01440ff000, 0x00007f0144101000,
0x00007f014416b800, 0x00007f014416f800, 0x00007f0144170800, 0x00007f0144176800,
0x00007f01442ac800, 0x00007f01442d9800
}

Java Threads: ( => current thread )
  0x00007f0144018800 JavaThread "main" [_thread_blocked, id=10036, stack(0x00007f014a1f5000,0x00007f014a2f6000)]
  0x00007f01440f1000 JavaThread "Reference Handler" daemon [_thread_blocked, id=10045, stack(0x00007f0128d06000,0x00007f0128e07000)]
  0x00007f01440f3000 JavaThread "Finalizer" daemon [_thread_blocked, id=10046, stack(0x00007f0128c05000,0x00007f0128d06000)]
=>0x00007f01440f9000 JavaThread "Signal Dispatcher" daemon [_thread_in_vm, id=10047, stack(0x00007f0128306000,0x00007f0128407000)]
  0x00007f01440fb000 JavaThread "Service Thread" daemon [_thread_blocked, id=10048, stack(0x00007f0128205000,0x00007f0128306000)]
  0x00007f01440fd000 JavaThread "C2 CompilerThread0" daemon [_thread_blocked, id=10049, stack(0x00007f0128104000,0x00007f0128205000)]
  0x00007f01440ff000 JavaThread "C1 CompilerThread0" daemon [_thread_blocked, id=10050, stack(0x00007f0128003000,0x00007f0128104000)]
  0x00007f0144101000 JavaThread "Sweeper thread" daemon [_thread_blocked, id=10051, stack(0x00007f0119eff000,0x00007f011a000000)]
  0x00007f014416b800 JavaThread "JDWP Transport Listener: dt_socket" daemon [_thread_in_native, id=10053, stack(0x00007f0119dfe000,0x00007f0119eff000)]
  0x00007f014416f800 JavaThread "JDWP Event Helper Thread" daemon [_thread_blocked, id=10055, stack(0x00007f0119cfd000,0x00007f0119dfe000)]
  0x00007f0144170800 JavaThread "Notification Thread" daemon [_thread_blocked, id=10059, stack(0x00007f0119afb000,0x00007f0119bfc000)]
  0x00007f0144176800 JavaThread "Common-Cleaner" daemon [_thread_blocked, id=10061, stack(0x00007f01198f8000,0x00007f01199f9000)]
  0x00007f01442ac800 JavaThread "Java2D Disposer" daemon [_thread_blocked, id=10065, stack(0x00007f01180a3000,0x00007f01181a4000)]
  0x00007f01442d9800 JavaThread "AWT-XAWT" daemon [_thread_in_native, id=10066, stack(0x00007f00d2efd000,0x00007f00d2ffe000)]

Other Threads:
  0x00007f01440ee000 VMThread "VM Thread" [stack: 0x00007f0128e09000,0x00007f0128f09000] [id=10044]
  0x00007f0144173000 WatcherThread [stack: 0x00007f01199fb000,0x00007f0119afb000] [id=10060]
  0x00007f014404f000 GCTaskThread "GC Thread#0" [stack: 0x00007f01491cf000,0x00007f01492cf000] [id=10038]
  0x00007f014405c800 ConcurrentGCThread "G1 Main Marker" [stack: 0x00007f01490cd000,0x00007f01491cd000] [id=10039]
  0x00007f014405e800 ConcurrentGCThread "G1 Conc#0" [stack: 0x00007f0148fcb000,0x00007f01490cb000] [id=10041]
  0x00007f01440b9800 ConcurrentGCThread "G1 Refine#0" [stack: 0x00007f0148ac5000,0x00007f0148bc5000] [id=10042]
  0x00007f01440bb000 ConcurrentGCThread "G1 Young RemSet Sampling" [stack: 0x00007f01489c3000,0x00007f0148ac3000] [id=10043]

Threads with active compile tasks:

VM state:not at safepoint (normal execution)

VM Mutex/Monitor currently owned by a thread: None

Heap address: 0x00000000a5000000, size: 1456 MB, Compressed Oops mode: 32-bit
Narrow klass base: 0x0000000800000000, Narrow klass shift: 3
Compressed class space size: 1073741824 Address: 0x0000000800b18000

Heap:
 garbage-first heap   total 96256K, used 12100K [0x00000000a5000000, 0x0000000100000000)
  region size 1024K, 12 young (12288K), 0 survivors (0K)
 Metaspace       used 11962K, capacity 12297K, committed 12672K, reserved 1060864K
  class space    used 1712K, capacity 1850K, committed 1920K, reserved 1048576K
Heap Regions: E=young(eden), S=young(survivor), O=old, HS=humongous(starts), HC=humongous(continues), CS=collection set, F=free, OA=open archive, CA=closed archive, TAMS=top-at-mark-start (previous, next)
|   0|0x00000000a5000000, 0x00000000a5000000, 0x00000000a5100000|  0%| F|  |TAMS 0x00000000a5000000, 0x00000000a5000000| Untracked 
|   1|0x00000000a5100000, 0x00000000a5100000, 0x00000000a5200000|  0%| F|  |TAMS 0x00000000a5100000, 0x00000000a5100000| Untracked 